{"message":"Server listening on port: 8443...","level":"info"}
{"message":"Connected to the database...","level":"info"}
{"message":"Server listening on port: 8443...","level":"info"}
{"message":"Connected to the database...","level":"info"}
{"message":"Server listening on port: 8443...","level":"info"}
{"message":"Connected to the database...","level":"info"}
{"message":"Server listening on port: 8443...","level":"info"}
{"message":"Connected to the database...","level":"info"}
{"message":"Server listening on port: 8443...","level":"info"}
{"message":"Connected to the database...","level":"info"}
{"message":"Server listening on port: 8443...","level":"info"}
{"message":"Connected to the database...","level":"info"}
{"message":"Server listening on port: 8443...","level":"info"}
{"message":"Connected to the database...","level":"info"}
{"message":"Server listening on port: 8443...","level":"info"}
{"message":"Connected to the database...","level":"info"}
{"message":"Server listening on port: 8443...","level":"info"}
{"message":"Connected to the database...","level":"info"}
{"message":"Server listening on port: 8443...","level":"info"}
{"message":"Connected to the database...","level":"info"}
{"message":"Server listening on port: 8443...","level":"info"}
{"message":"Connected to the database...","level":"info"}
{"message":"Server listening on port: 8443...","level":"info"}
{"message":"Connected to the database...","level":"info"}
{"message":"Server listening on port: 8443...","level":"info"}
{"message":"Connected to the database...","level":"info"}
{"message":"Server listening on port: 8443...","level":"info"}
{"message":"Connected to the database...","level":"info"}
{"message":"Server listening on port: 8443...","level":"info"}
{"message":"Connected to the database...","level":"info"}
{"message":"Server listening on port: 8443...","level":"info"}
{"message":"Connected to the database...","level":"info"}
{"message":"Server listening on port: 8443...","level":"info"}
{"message":"Connected to the database...","level":"info"}
{"message":"Server listening on port: 8443...","level":"info"}
{"message":"Connected to the database...","level":"info"}
{"message":"Server listening on port: 8443...","level":"info"}
{"message":"Connected to the database...","level":"info"}
{"message":"Server listening on port: 8443...","level":"info"}
{"message":"Connected to the database...","level":"info"}
{"message":"Server listening on port: 8443...","level":"info"}
{"message":"Connected to the database...","level":"info"}
{"message":"Server listening on port: 8443...","level":"info"}
{"message":"Connected to the database...","level":"info"}
{"message":"Server listening on port: 8443...","level":"info"}
{"message":"Connected to the database...","level":"info"}
{"message":"Server listening on port: 8443...","level":"info"}
{"message":"Connected to the database...","level":"info"}
{"message":"Server listening on port: 8443...","level":"info"}
{"message":"Connected to the database...","level":"info"}
{"message":"Server listening on port: 8443...","level":"info"}
{"message":"Connected to the database...","level":"info"}
{"message":"Server listening on port: 8443...","level":"info"}
{"message":"Connected to the database...","level":"info"}
{"message":"Server listening on port: 8443...","level":"info"}
{"message":"Connected to the database...","level":"info"}
{"message":"Server listening on port: 8443...","level":"info"}
{"message":"Connected to the database...","level":"info"}
{"message":"Server listening on port: 8443...","level":"info"}
{"message":"Connected to the database...","level":"info"}
{"message":"Server listening on port: 8443...","level":"info"}
{"message":"Connected to the database...","level":"info"}
{"message":"Server listening on port: 8443...","level":"info"}
{"message":"Connected to the database...","level":"info"}
{"message":"Server listening on port: 8443...","level":"info"}
{"message":"Connected to the database...","level":"info"}
{"message":"Server listening on port: 8443...","level":"info"}
{"message":"Connected to the database...","level":"info"}
{"message":"Server listening on port: 8443...","level":"info"}
{"message":"Connected to the database...","level":"info"}
{"message":"Server listening on port: 8443...","level":"info"}
{"message":"Connected to the database...","level":"info"}
{"message":"Server listening on port: 8443...","level":"info"}
{"message":"Connected to the database...","level":"info"}
{"message":"Server listening on port: 8443...","level":"info"}
{"message":"Connected to the database...","level":"info"}
{"message":"Server listening on port: 8443...","level":"info"}
{"message":"Connected to the database...","level":"info"}
{"message":"Server listening on port: 8443...","level":"info"}
{"message":"Connected to the database...","level":"info"}
{"message":"Server listening on port: 8443...","level":"info"}
{"message":"Connected to the database...","level":"info"}
{"message":"Server listening on port: 8443...","level":"info"}
{"message":"Connected to the database...","level":"info"}
{"message":"Server listening on port: 8443...","level":"info"}
{"message":"Connected to the database...","level":"info"}
{"message":"Server listening on port: 8443...","level":"info"}
{"message":"Connected to the database...","level":"info"}
{"message":"Server listening on port: 8443...","level":"info"}
{"message":"Connected to the database...","level":"info"}
{"message":"Server listening on port: 8443...","level":"info"}
{"message":"Connected to the database...","level":"info"}
{"message":"Server listening on port: 8443...","level":"info"}
{"message":"Server listening on port: 3100...","level":"info"}
{"message":"Connected to the database...","level":"info"}
{"message":"Server listening on port: 4200...","level":"info"}
{"message":"Connected to the database...","level":"info"}
{"message":"Server listening on port: 4200...","level":"info"}
{"message":"Connected to the database...","level":"info"}
{"message":"Server listening on port: 4200...","level":"info"}
{"message":"Connected to the database...","level":"info"}
{"message":"Server listening on port: 4200...","level":"info"}
{"message":"Connected to the database...","level":"info"}
{"message":"Server listening on port: 4200...","level":"info"}
{"message":"Connected to the database...","level":"info"}
{"message":"Server listening on port: 4200...","level":"info"}
{"message":"Connected to the database...","level":"info"}
{"message":"Server listening on port: 4200...","level":"info"}
{"message":"Connected to the database...","level":"info"}
{"message":"Server listening on port: 4200...","level":"info"}
{"message":"Connected to the database...","level":"info"}
{"message":"Server listening on port: 4200...","level":"info"}
{"message":"Connected to the database...","level":"info"}
{"message":"Server listening on port: 4200...","level":"info"}
{"message":"Connected to the database...","level":"info"}
{"message":"Server listening on port: 4200...","level":"info"}
{"message":"Connected to the database...","level":"info"}
{"message":"Server listening on port: 4200...","level":"info"}
{"message":"Connected to the database...","level":"info"}
{"message":"Server listening on port: 4200...","level":"info"}
{"message":"Connected to the database...","level":"info"}
{"message":"Server listening on port: 4200...","level":"info"}
{"message":"Connected to the database...","level":"info"}
{"message":"Server listening on port: 4200...","level":"info"}
{"message":"Connected to the database...","level":"info"}
{"message":"Server listening on port: 4200...","level":"info"}
{"message":"Connected to the database...","level":"info"}
{"message":"Server listening on port: 4200...","level":"info"}
{"message":"Connected to the database...","level":"info"}
{"message":"Server listening on port: 4200...","level":"info"}
{"message":"Connected to the database...","level":"info"}
{"message":"Server listening on port: 4200...","level":"info"}
{"message":"Connected to the database...","level":"info"}
{"message":"Server listening on port: 4200...","level":"info"}
{"message":"Connected to the database...","level":"info"}
{"message":"Server listening on port: 4200...","level":"info"}
{"message":"Connected to the database...","level":"info"}
{"message":"Server listening on port: 4200...","level":"info"}
{"message":"Connected to the database...","level":"info"}
{"message":"Server listening on port: 4200...","level":"info"}
{"message":"Connected to the database...","level":"info"}
{"message":"Server listening on port: 4200...","level":"info"}
{"message":"Connected to the database...","level":"info"}
{"message":"Server listening on port: 4200...","level":"info"}
{"message":"Connected to the database...","level":"info"}
{"message":"Server listening on port: 4200...","level":"info"}
{"message":"Connected to the database...","level":"info"}
{"message":"Server listening on port: 4200...","level":"info"}
{"message":"Connected to the database...","level":"info"}
{"message":"Server listening on port: 4200...","level":"info"}
{"message":"Connected to the database...","level":"info"}
{"metadata":{},"level":"error","message":"Cannot read property 'name' of undefined"}
{"message":"Server listening on port: 4200...","level":"info"}
{"message":"Connected to the database...","level":"info"}
{"message":"Server listening on port: 4200...","level":"info"}
{"message":"Connected to the database...","level":"info"}
{"message":"Server listening on port: 4200...","level":"info"}
{"message":"Connected to the database...","level":"info"}
{"message":"Server listening on port: 4200...","level":"info"}
{"message":"Connected to the database...","level":"info"}
{"metadata":{},"level":"error","message":"Cannot read property 'name' of undefined"}
{"metadata":{},"level":"error","message":"Cannot read property 'name' of undefined"}
{"message":"Server listening on port: 4200...","level":"info"}
{"message":"Connected to the database...","level":"info"}
{"message":"Server listening on port: 4200...","level":"info"}
{"message":"Connected to the database...","level":"info"}
{"metadata":{},"level":"error","message":"Cannot read property 'name' of undefined"}
{"message":"Server listening on port: 4200...","level":"info"}
{"message":"Connected to the database...","level":"info"}
{"metadata":{},"level":"error","message":"Cannot destructure property 'name' of 'req.body.user' as it is undefined."}
{"message":"Server listening on port: 4200...","level":"info"}
{"message":"Connected to the database...","level":"info"}
{"metadata":{},"level":"error","message":"Unexpected token u in JSON at position 0"}
{"message":"Server listening on port: 4200...","level":"info"}
{"message":"Connected to the database...","level":"info"}
{"message":"Server listening on port: 4200...","level":"info"}
{"message":"Connected to the database...","level":"info"}
{"metadata":{},"level":"error","message":"Unexpected token o in JSON at position 1"}
{"message":"Server listening on port: 4200...","level":"info"}
{"message":"Connected to the database...","level":"info"}
{"message":"Server listening on port: 4200...","level":"info"}
{"message":"Connected to the database...","level":"info"}
{"message":"Server listening on port: 4200...","level":"info"}
{"message":"Connected to the database...","level":"info"}
{"metadata":{},"level":"error","message":"Cannot read property 'name' of undefined"}
{"metadata":{},"level":"error","message":"Cannot read property 'name' of undefined"}
{"message":"Server listening on port: 4200...","level":"info"}
{"message":"Connected to the database...","level":"info"}
{"metadata":{},"level":"error","message":"Cannot read property 'name' of undefined"}
{"metadata":{},"level":"error","message":"Cannot read property 'name' of undefined"}
{"message":"Server listening on port: 4200...","level":"info"}
{"message":"Connected to the database...","level":"info"}
{"metadata":{},"level":"error","message":"Cannot read property 'name' of undefined"}
{"message":"Server listening on port: 4200...","level":"info"}
{"message":"Connected to the database...","level":"info"}
{"message":"Server listening on port: 4200...","level":"info"}
{"message":"Connected to the database...","level":"info"}
{"message":"Server listening on port: 4200...","level":"info"}
{"message":"Connected to the database...","level":"info"}
{"message":"Server listening on port: 4200...","level":"info"}
{"message":"Connected to the database...","level":"info"}
{"message":"Server listening on port: 4200...","level":"info"}
{"message":"Connected to the database...","level":"info"}
{"message":"Server listening on port: 4200...","level":"info"}
{"message":"Connected to the database...","level":"info"}
{"message":"Server listening on port: 4200...","level":"info"}
{"message":"Connected to the database...","level":"info"}
{"message":"Server listening on port: 4200...","level":"info"}
{"message":"Connected to the database...","level":"info"}
{"metadata":{"command":"GET","args":[{"name":"zied"}]},"level":"error","message":"node_redis: The GET command contains a invalid argument type.\nOnly strings, dates and buffers are accepted. Please update your code to use valid argument types."}
{"message":"Server listening on port: 4200...","level":"info"}
{"message":"Connected to the database...","level":"info"}
{"message":"Server listening on port: 4200...","level":"info"}
{"message":"Connected to the database...","level":"info"}
{"message":"Server listening on port: 4200...","level":"info"}
{"message":"Connected to the database...","level":"info"}
{"message":"Server listening on port: 4200...","level":"info"}
{"message":"Connected to the database...","level":"info"}
{"message":"Server listening on port: 4200...","level":"info"}
{"message":"Connected to the database...","level":"info"}
{"message":"Server listening on port: 4200...","level":"info"}
{"message":"Connected to the database...","level":"info"}
{"message":"Server listening on port: 4200...","level":"info"}
{"message":"Connected to the database...","level":"info"}
{"message":"Server listening on port: 4200...","level":"info"}
{"message":"Connected to the database...","level":"info"}
{"message":"Server listening on port: 4200...","level":"info"}
{"message":"Connected to the database...","level":"info"}
{"message":"Server listening on port: 4200...","level":"info"}
{"message":"Connected to the database...","level":"info"}
{"message":"Server listening on port: 4200...","level":"info"}
{"message":"Connected to the database...","level":"info"}
{"message":"Server listening on port: 4200...","level":"info"}
{"message":"Connected to the database...","level":"info"}
{"metadata":{"code":"ERR_HTTP_HEADERS_SENT"},"level":"error","message":"Cannot set headers after they are sent to the client"}
{"message":"Server listening on port: 4200...","level":"info"}
{"message":"Connected to the database...","level":"info"}
{"metadata":{"code":"ERR_HTTP_HEADERS_SENT"},"level":"error","message":"Cannot set headers after they are sent to the client"}
{"message":"Server listening on port: 4200...","level":"info"}
{"message":"Connected to the database...","level":"info"}
{"message":"Server listening on port: 4200...","level":"info"}
{"message":"Connected to the database...","level":"info"}
{"message":"Server listening on port: 4200...","level":"info"}
{"message":"Connected to the database...","level":"info"}
{"message":"Server listening on port: 4200...","level":"info"}
{"message":"Connected to the database...","level":"info"}
{"message":"Server listening on port: 4200...","level":"info"}
{"message":"Connected to the database...","level":"info"}
{"message":"Server listening on port: 4200...","level":"info"}
{"message":"Connected to the database...","level":"info"}
{"message":"Server listening on port: 4200...","level":"info"}
{"message":"Connected to the database...","level":"info"}
{"message":"Server listening on port: 4200...","level":"info"}
{"message":"Connected to the database...","level":"info"}
{"message":"Server listening on port: 4200...","level":"info"}
{"message":"Connected to the database...","level":"info"}
{"message":"Server listening on port: 4200...","level":"info"}
{"message":"Connected to the database...","level":"info"}
{"message":"Server listening on port: 4200...","level":"info"}
{"message":"Connected to the database...","level":"info"}
{"message":"Server listening on port: 4200...","level":"info"}
{"message":"Connected to the database...","level":"info"}
{"message":"Server listening on port: 4200...","level":"info"}
{"message":"Connected to the database...","level":"info"}
{"message":"Server listening on port: 4200...","level":"info"}
{"message":"Connected to the database...","level":"info"}
{"message":"Server listening on port: 4200...","level":"info"}
{"message":"Connected to the database...","level":"info"}
{"message":"Server listening on port: 4200...","level":"info"}
{"message":"Connected to the database...","level":"info"}
{"message":"Server listening on port: 4200...","level":"info"}
{"message":"Connected to the database...","level":"info"}
{"message":"Server listening on port: 4200...","level":"info"}
{"message":"Connected to the database...","level":"info"}
{"message":"Server listening on port: 4200...","level":"info"}
{"message":"Connected to the database...","level":"info"}
{"message":"Server listening on port: 4200...","level":"info"}
{"message":"Connected to the database...","level":"info"}
{"message":"Server listening on port: 4200...","level":"info"}
{"message":"Connected to the database...","level":"info"}
{"message":"Server listening on port: 4200...","level":"info"}
{"message":"Connected to the database...","level":"info"}
{"message":"Server listening on port: 4200...","level":"info"}
{"message":"Connected to the database...","level":"info"}
{"message":"Server listening on port: 4200...","level":"info"}
{"message":"Connected to the database...","level":"info"}
{"message":"Server listening on port: 4200...","level":"info"}
{"message":"Connected to the database...","level":"info"}
{"message":"Server listening on port: 4200...","level":"info"}
{"message":"Connected to the database...","level":"info"}
{"message":"Server listening on port: 4200...","level":"info"}
{"message":"Connected to the database...","level":"info"}
{"message":"Server listening on port: 4200...","level":"info"}
{"message":"Connected to the database...","level":"info"}
{"message":"Server listening on port: 4200...","level":"info"}
{"message":"Connected to the database...","level":"info"}
{"message":"Server listening on port: 4200...","level":"info"}
{"message":"Connected to the database...","level":"info"}
{"message":"Server listening on port: 4200...","level":"info"}
{"message":"Connected to the database...","level":"info"}
{"message":"Server listening on port: 4200...","level":"info"}
{"message":"Connected to the database...","level":"info"}
{"message":"Server listening on port: 4200...","level":"info"}
{"message":"Connected to the database...","level":"info"}
{"message":"Server listening on port: 4200...","level":"info"}
{"message":"Connected to the database...","level":"info"}
{"message":"Server listening on port: 4200...","level":"info"}
{"message":"Connected to the database...","level":"info"}
{"message":"Server listening on port: 4200...","level":"info"}
{"message":"Connected to the database...","level":"info"}
{"message":"Server listening on port: 4200...","level":"info"}
{"message":"Connected to the database...","level":"info"}
{"message":"Server listening on port: 4200...","level":"info"}
{"message":"Connected to the database...","level":"info"}
{"message":"Server listening on port: 4200...","level":"info"}
{"message":"Connected to the database...","level":"info"}
{"message":"Server listening on port: 4200...","level":"info"}
{"message":"Connected to the database...","level":"info"}
{"message":"Server listening on port: 4200...","level":"info"}
{"message":"Connected to the database...","level":"info"}
{"message":"Server listening on port: 4200...","level":"info"}
{"message":"Connected to the database...","level":"info"}
{"message":"Server listening on port: 4200...","level":"info"}
{"message":"Connected to the database...","level":"info"}
{"message":"Server listening on port: 4200...","level":"info"}
{"message":"Connected to the database...","level":"info"}
{"message":"Server listening on port: 4200...","level":"info"}
{"message":"Connected to the database...","level":"info"}
{"message":"Server listening on port: 4200...","level":"info"}
{"message":"Connected to the database...","level":"info"}
{"message":"Server listening on port: 4200...","level":"info"}
{"message":"Connected to the database...","level":"info"}
{"message":"Server listening on port: 4200...","level":"info"}
{"message":"Connected to the database...","level":"info"}
{"message":"Server listening on port: 4200...","level":"info"}
{"message":"Connected to the database...","level":"info"}
{"message":"Server listening on port: 4200...","level":"info"}
{"message":"Connected to the database...","level":"info"}
{"message":"Server listening on port: 4200...","level":"info"}
{"message":"Connected to the database...","level":"info"}
{"message":"Server listening on port: 4200...","level":"info"}
{"message":"Connected to the database...","level":"info"}
{"message":"Server listening on port: 4200...","level":"info"}
{"message":"Connected to the database...","level":"info"}
{"message":"Server listening on port: 4200...","level":"info"}
{"message":"Connected to the database...","level":"info"}
{"message":"Server listening on port: 4200...","level":"info"}
{"message":"Connected to the database...","level":"info"}
{"message":"Server listening on port: 4200...","level":"info"}
{"message":"Connected to the database...","level":"info"}
{"message":"Server listening on port: 4200...","level":"info"}
{"message":"Connected to the database...","level":"info"}
{"message":"Server listening on port: 4200...","level":"info"}
{"message":"Connected to the database...","level":"info"}
{"message":"Server listening on port: 4200...","level":"info"}
{"message":"Connected to the database...","level":"info"}
{"message":"Server listening on port: 4200...","level":"info"}
{"message":"Connected to the database...","level":"info"}
{"message":"Server listening on port: 4200...","level":"info"}
{"message":"Connected to the database...","level":"info"}
{"message":"Server listening on port: 4200...","level":"info"}
{"message":"Connected to the database...","level":"info"}
{"message":"Server listening on port: 4200...","level":"info"}
{"message":"Connected to the database...","level":"info"}
{"message":"Server listening on port: 4200...","level":"info"}
{"message":"Connected to the database...","level":"info"}
{"message":"Server listening on port: 4200...","level":"info"}
{"message":"Connected to the database...","level":"info"}
{"message":"Server listening on port: 4200...","level":"info"}
{"message":"Connected to the database...","level":"info"}
{"message":"Server listening on port: 4200...","level":"info"}
{"message":"Connected to the database...","level":"info"}
{"message":"Server listening on port: 4200...","level":"info"}
{"message":"Connected to the database...","level":"info"}
{"message":"Server listening on port: 4200...","level":"info"}
{"message":"Connected to the database...","level":"info"}
{"message":"Server listening on port: 4200...","level":"info"}
{"message":"Connected to the database...","level":"info"}
{"message":"Server listening on port: 4200...","level":"info"}
{"message":"Connected to the database...","level":"info"}
{"message":"Server listening on port: 4200...","level":"info"}
{"message":"Connected to the database...","level":"info"}
{"message":"Server listening on port: 4200...","level":"info"}
{"message":"Connected to the database...","level":"info"}
{"message":"Server listening on port: 4200...","level":"info"}
{"message":"Connected to the database...","level":"info"}
{"message":"Server listening on port: 4200...","level":"info"}
{"message":"Connected to the database...","level":"info"}
{"message":"Server listening on port: 4200...","level":"info"}
{"message":"Connected to the database...","level":"info"}
{"message":"Server listening on port: 4200...","level":"info"}
{"message":"Connected to the database...","level":"info"}
{"message":"Server listening on port: 4200...","level":"info"}
{"message":"Connected to the database...","level":"info"}
{"message":"Server listening on port: 4200...","level":"info"}
{"message":"Connected to the database...","level":"info"}
{"message":"Server listening on port: 4200...","level":"info"}
{"message":"Connected to the database...","level":"info"}
{"message":"Server listening on port: 4200...","level":"info"}
{"message":"Connected to the database...","level":"info"}
{"message":"Server listening on port: 4200...","level":"info"}
{"message":"Connected to the database...","level":"info"}
{"message":"Server listening on port: 4200...","level":"info"}
{"message":"Connected to the database...","level":"info"}
{"message":"Server listening on port: 4200...","level":"info"}
{"message":"Connected to the database...","level":"info"}
{"message":"Server listening on port: 4200...","level":"info"}
{"message":"Connected to the database...","level":"info"}
{"message":"Server listening on port: 4200...","level":"info"}
{"message":"Connected to the database...","level":"info"}
{"message":"Server listening on port: 4200...","level":"info"}
{"message":"Connected to the database...","level":"info"}
{"message":"Server listening on port: 4200...","level":"info"}
{"message":"Connected to the database...","level":"info"}
{"message":"Server listening on port: 4200...","level":"info"}
{"message":"Connected to the database...","level":"info"}
{"message":"Server listening on port: 4200...","level":"info"}
{"message":"Connected to the database...","level":"info"}
{"message":"Server listening on port: 4200...","level":"info"}
{"message":"Connected to the database...","level":"info"}
{"message":"Server listening on port: 4200...","level":"info"}
{"message":"Connected to the database...","level":"info"}
{"message":"Server listening on port: 4200...","level":"info"}
{"message":"Connected to the database...","level":"info"}
{"message":"Server listening on port: 4200...","level":"info"}
{"message":"Connected to the database...","level":"info"}
{"message":"Server listening on port: 4200...","level":"info"}
{"message":"Connected to the database...","level":"info"}
{"message":"Server listening on port: 4200...","level":"info"}
{"message":"Connected to the database...","level":"info"}
{"message":"Server listening on port: 4200...","level":"info"}
{"message":"Connected to the database...","level":"info"}
{"message":"Server listening on port: 4200...","level":"info"}
{"message":"Connected to the database...","level":"info"}
{"message":"Server listening on port: 4200...","level":"info"}
{"message":"Connected to the database...","level":"info"}
{"message":"Server listening on port: 4200...","level":"info"}
{"message":"Connected to the database...","level":"info"}
{"message":"Server listening on port: 4200...","level":"info"}
{"message":"Server listening on port: 4200...","level":"info"}
{"message":"Server listening on port: 4200...","level":"info"}
{"message":"Server listening on port: 4200...","level":"info"}
{"message":"Server listening on port: 4200...","level":"info"}
